2023-04-18 20:45:04 INFO  Log:14 - *****************************
2023-04-18 20:45:04 INFO  Log:15 - *****************************
2023-04-18 20:45:04 INFO  Log:16 - **********This is the beginning of my Test case************
2023-04-18 20:45:04 INFO  Log:26 - My test case is executing right now
2023-04-18 20:45:04 INFO  Log:30 - My test case might have some trivial issues
2023-04-18 20:46:44 INFO  Log:26 - This test case is about to get completed
2023-04-18 20:46:44 INFO  Log:20 - ##########################################
2023-04-18 20:46:44 INFO  Log:21 - ###########################################
2023-04-18 20:46:44 INFO  Log:22 - ################This test case is finished################
2023-05-13 12:27:49 INFO  Log:14 - *****************************
2023-05-13 12:27:49 INFO  Log:15 - *****************************
2023-05-13 12:27:49 INFO  Log:16 - **********This is the beginning of my Test case************
2023-05-13 12:27:49 INFO  Log:26 - My test case is executing right now
2023-05-13 12:27:49 INFO  Log:30 - My test case might have some trivial issues
2023-05-13 12:28:04 INFO  Log:26 - This test case is about to get completed
2023-05-13 12:28:04 INFO  Log:20 - ##########################################
2023-05-13 12:28:04 INFO  Log:21 - ###########################################
2023-05-13 12:28:04 INFO  Log:22 - ################This test case is finished################
2023-05-13 12:31:21 INFO  Log:14 - *****************************
2023-05-13 12:31:21 INFO  Log:15 - *****************************
2023-05-13 12:31:21 INFO  Log:16 - **********This is the beginning of my Test case************
2023-05-13 12:31:21 INFO  Log:26 - My test case is executing right now
2023-05-13 12:31:21 INFO  Log:30 - My test case might have some trivial issues
2023-05-13 12:31:31 INFO  Log:26 - This test case is about to get completed
2023-05-13 12:31:31 INFO  Log:20 - ##########################################
2023-05-13 12:31:31 INFO  Log:21 - ###########################################
2023-05-13 12:31:31 INFO  Log:22 - ################This test case is finished################
2023-05-13 12:38:30 INFO  Log:14 - *****************************
2023-05-13 12:38:30 INFO  Log:15 - *****************************
2023-05-13 12:38:30 INFO  Log:16 - **********This is the beginning of my Test case************
2023-05-13 12:38:30 INFO  Log:26 - My test case is executing right now
2023-05-13 12:38:30 INFO  Log:30 - My test case might have some trivial issues
2023-05-13 12:38:40 INFO  Log:26 - This test case is about to get completed
2023-05-13 12:38:40 INFO  Log:20 - ##########################################
2023-05-13 12:38:40 INFO  Log:21 - ###########################################
2023-05-13 12:38:40 INFO  Log:22 - ################This test case is finished################
2023-05-30 21:33:11 INFO  Log:14 - *****************************
2023-05-30 21:33:11 INFO  Log:15 - *****************************
2023-05-30 21:33:11 INFO  Log:16 - **********This is the beginning of my Test case************
2023-05-30 21:33:11 INFO  Log:26 - My test case is executing right now
2023-05-30 21:33:11 INFO  Log:30 - My test case might have some trivial issues
2023-05-30 21:33:53 INFO  Log:26 - This test case is about to get completed
2023-05-30 21:33:53 INFO  Log:20 - ##########################################
2023-05-30 21:33:53 INFO  Log:21 - ###########################################
2023-05-30 21:33:53 INFO  Log:22 - ################This test case is finished################
